<?xml version="1.0" encoding="UTF-8"?>
<testng-results ignored="0" total="1" passed="1" failed="0" skipped="0">
  <reporter-output>
  </reporter-output>
  <suite started-at="2023-06-07T12:08:50 IST" name="Default suite" finished-at="2023-06-07T12:08:59 IST" duration-ms="8449">
    <groups>
    </groups>
    <test started-at="2023-06-07T12:08:50 IST" name="Default test" finished-at="2023-06-07T12:08:59 IST" duration-ms="8449">
      <class name="tests.TestLoginWithPageFactory">
        <test-method is-config="true" signature="setup()[pri:0, instance:tests.TestLoginWithPageFactory@3f6f6701]" started-at="2023-06-07T12:08:50 IST" name="setup" finished-at="2023-06-07T12:08:56 IST" duration-ms="6006" status="PASS">
          <reporter-output>
          </reporter-output>
        </test-method> <!-- setup -->
        <test-method signature="test_HomePage_Appear_Correct()[pri:0, instance:tests.TestLoginWithPageFactory@3f6f6701]" started-at="2023-06-07T12:08:56 IST" name="test_HomePage_Appear_Correct" finished-at="2023-06-07T12:08:59 IST" duration-ms="2398" status="PASS">
          <reporter-output>
          </reporter-output>
        </test-method> <!-- test_HomePage_Appear_Correct -->
      </class> <!-- tests.TestLoginWithPageFactory -->
    </test> <!-- Default test -->
  </suite> <!-- Default suite -->
</testng-results>
